  Determinando los proyectos que se van a restaurar...
  Todos los proyectos est??n actualizados para la restauraci??n.
  UserAuthenticationService.Domain -> C:\Users\frank\OneDrive\Escritorio\APP\Microservices\UserAuthenticationService\Domain\bin\Debug\net8.0\UserAuthenticationService.Domain.dll
  UserAuthenticationService.Application -> C:\Users\frank\OneDrive\Escritorio\APP\Microservices\UserAuthenticationService\Application\bin\Debug\net8.0\UserAuthenticationService.Application.dll
  UserAuthenticationService.Infrastructure -> C:\Users\frank\OneDrive\Escritorio\APP\Microservices\UserAuthenticationService\Infrastructure\bin\Debug\net8.0\UserAuthenticationService.Infrastructure.dll
  UserAuthenticationService.API -> C:\Users\frank\OneDrive\Escritorio\APP\Microservices\UserAuthenticationService\API\bin\Debug\net8.0\UserAuthenticationService.API.dll
C:\Users\frank\OneDrive\Escritorio\APP\Microservices\UserAuthenticationService\Test\Handler\LoginUserCommandHandlerTests.cs(26,31): error CS7036: No se ha dado ning??n argumento que corresponda al par??metro requerido "Email" de "LoginUserCommand.LoginUserCommand(string, string)" [C:\Users\frank\OneDrive\Escritorio\APP\Microservices\UserAuthenticationService\Test\Test.csproj]
C:\Users\frank\OneDrive\Escritorio\APP\Microservices\UserAuthenticationService\Test\Handler\LoginUserCommandHandlerTests.cs(27,28): error CS7036: No se ha dado ning??n argumento que corresponda al par??metro requerido "fullName" de "User.User(string, string, string, string)" [C:\Users\frank\OneDrive\Escritorio\APP\Microservices\UserAuthenticationService\Test\Test.csproj]
C:\Users\frank\OneDrive\Escritorio\APP\Microservices\UserAuthenticationService\Test\Handler\LoginUserCommandHandlerTests.cs(29,17): error CS0200: No se puede asignar a la propiedad o el indizador 'User.FullName' porque es de solo lectura [C:\Users\frank\OneDrive\Escritorio\APP\Microservices\UserAuthenticationService\Test\Test.csproj]
C:\Users\frank\OneDrive\Escritorio\APP\Microservices\UserAuthenticationService\Test\Handler\LoginUserCommandHandlerTests.cs(30,17): error CS0200: No se puede asignar a la propiedad o el indizador 'User.Email' porque es de solo lectura [C:\Users\frank\OneDrive\Escritorio\APP\Microservices\UserAuthenticationService\Test\Test.csproj]
C:\Users\frank\OneDrive\Escritorio\APP\Microservices\UserAuthenticationService\Test\Handler\LoginUserCommandHandlerTests.cs(31,17): error CS0200: No se puede asignar a la propiedad o el indizador 'User.PasswordHash' porque es de solo lectura [C:\Users\frank\OneDrive\Escritorio\APP\Microservices\UserAuthenticationService\Test\Test.csproj]
C:\Users\frank\OneDrive\Escritorio\APP\Microservices\UserAuthenticationService\Test\Handler\LoginUserCommandHandlerTests.cs(44,30): error CS1061: "bool" no contiene una definici??n para "Should" ni un m??todo de extensi??n accesible "Should" que acepte un primer argumento del tipo "bool" (??falta alguna directiva using o una referencia de ensamblado?) [C:\Users\frank\OneDrive\Escritorio\APP\Microservices\UserAuthenticationService\Test\Test.csproj]
C:\Users\frank\OneDrive\Escritorio\APP\Microservices\UserAuthenticationService\Test\Handler\LoginUserCommandHandlerTests.cs(45,25): error CS1061: "LoginReponseDto" no contiene una definici??n para "Should" ni un m??todo de extensi??n accesible "Should" que acepte un primer argumento del tipo "LoginReponseDto" (??falta alguna directiva using o una referencia de ensamblado?) [C:\Users\frank\OneDrive\Escritorio\APP\Microservices\UserAuthenticationService\Test\Test.csproj]
C:\Users\frank\OneDrive\Escritorio\APP\Microservices\UserAuthenticationService\Test\Handler\LoginUserCommandHandlerTests.cs(46,33): error CS1061: "string" no contiene una definici??n para "Should" ni un m??todo de extensi??n accesible "Should" que acepte un primer argumento del tipo "string" (??falta alguna directiva using o una referencia de ensamblado?) [C:\Users\frank\OneDrive\Escritorio\APP\Microservices\UserAuthenticationService\Test\Test.csproj]
C:\Users\frank\OneDrive\Escritorio\APP\Microservices\UserAuthenticationService\Test\Handler\LoginUserCommandHandlerTests.cs(47,38): error CS1061: "string" no contiene una definici??n para "Should" ni un m??todo de extensi??n accesible "Should" que acepte un primer argumento del tipo "string" (??falta alguna directiva using o una referencia de ensamblado?) [C:\Users\frank\OneDrive\Escritorio\APP\Microservices\UserAuthenticationService\Test\Test.csproj]
C:\Users\frank\OneDrive\Escritorio\APP\Microservices\UserAuthenticationService\Test\Controller\AuthControllerTests.cs(25,31): error CS7036: No se ha dado ning??n argumento que corresponda al par??metro requerido "Email" de "LoginUserCommand.LoginUserCommand(string, string)" [C:\Users\frank\OneDrive\Escritorio\APP\Microservices\UserAuthenticationService\Test\Test.csproj]
C:\Users\frank\OneDrive\Escritorio\APP\Microservices\UserAuthenticationService\Test\Controller\AuthControllerTests.cs(27,32): error CS0246: El nombre del tipo o del espacio de nombres 'Response<>' no se encontr?? (??falta una directiva using o una referencia de ensamblado?) [C:\Users\frank\OneDrive\Escritorio\APP\Microservices\UserAuthenticationService\Test\Test.csproj]
C:\Users\frank\OneDrive\Escritorio\APP\Microservices\UserAuthenticationService\Test\Controller\AuthControllerTests.cs(36,35): error CS1061: "IActionResult" no contiene una definici??n para "Should" ni un m??todo de extensi??n accesible "Should" que acepte un primer argumento del tipo "IActionResult" (??falta alguna directiva using o una referencia de ensamblado?) [C:\Users\frank\OneDrive\Escritorio\APP\Microservices\UserAuthenticationService\Test\Test.csproj]
C:\Users\frank\OneDrive\Escritorio\APP\Microservices\UserAuthenticationService\Test\Handler\LoginUserCommandHandlerTests.cs(54,31): error CS7036: No se ha dado ning??n argumento que corresponda al par??metro requerido "Email" de "LoginUserCommand.LoginUserCommand(string, string)" [C:\Users\frank\OneDrive\Escritorio\APP\Microservices\UserAuthenticationService\Test\Test.csproj]
C:\Users\frank\OneDrive\Escritorio\APP\Microservices\UserAuthenticationService\Test\Handler\LoginUserCommandHandlerTests.cs(63,30): error CS1061: "bool" no contiene una definici??n para "Should" ni un m??todo de extensi??n accesible "Should" que acepte un primer argumento del tipo "bool" (??falta alguna directiva using o una referencia de ensamblado?) [C:\Users\frank\OneDrive\Escritorio\APP\Microservices\UserAuthenticationService\Test\Test.csproj]
C:\Users\frank\OneDrive\Escritorio\APP\Microservices\UserAuthenticationService\Test\Handler\LoginUserCommandHandlerTests.cs(64,28): error CS1061: "string" no contiene una definici??n para "Should" ni un m??todo de extensi??n accesible "Should" que acepte un primer argumento del tipo "string" (??falta alguna directiva using o una referencia de ensamblado?) [C:\Users\frank\OneDrive\Escritorio\APP\Microservices\UserAuthenticationService\Test\Test.csproj]
C:\Users\frank\OneDrive\Escritorio\APP\Microservices\UserAuthenticationService\Test\Handler\LoginUserCommandHandlerTests.cs(71,31): error CS7036: No se ha dado ning??n argumento que corresponda al par??metro requerido "Email" de "LoginUserCommand.LoginUserCommand(string, string)" [C:\Users\frank\OneDrive\Escritorio\APP\Microservices\UserAuthenticationService\Test\Test.csproj]
C:\Users\frank\OneDrive\Escritorio\APP\Microservices\UserAuthenticationService\Test\Handler\LoginUserCommandHandlerTests.cs(72,28): error CS7036: No se ha dado ning??n argumento que corresponda al par??metro requerido "fullName" de "User.User(string, string, string, string)" [C:\Users\frank\OneDrive\Escritorio\APP\Microservices\UserAuthenticationService\Test\Test.csproj]
C:\Users\frank\OneDrive\Escritorio\APP\Microservices\UserAuthenticationService\Test\Handler\LoginUserCommandHandlerTests.cs(74,17): error CS0200: No se puede asignar a la propiedad o el indizador 'User.Email' porque es de solo lectura [C:\Users\frank\OneDrive\Escritorio\APP\Microservices\UserAuthenticationService\Test\Test.csproj]
C:\Users\frank\OneDrive\Escritorio\APP\Microservices\UserAuthenticationService\Test\Handler\LoginUserCommandHandlerTests.cs(75,17): error CS0200: No se puede asignar a la propiedad o el indizador 'User.PasswordHash' porque es de solo lectura [C:\Users\frank\OneDrive\Escritorio\APP\Microservices\UserAuthenticationService\Test\Test.csproj]
C:\Users\frank\OneDrive\Escritorio\APP\Microservices\UserAuthenticationService\Test\Handler\LoginUserCommandHandlerTests.cs(85,30): error CS1061: "bool" no contiene una definici??n para "Should" ni un m??todo de extensi??n accesible "Should" que acepte un primer argumento del tipo "bool" (??falta alguna directiva using o una referencia de ensamblado?) [C:\Users\frank\OneDrive\Escritorio\APP\Microservices\UserAuthenticationService\Test\Test.csproj]
C:\Users\frank\OneDrive\Escritorio\APP\Microservices\UserAuthenticationService\Test\Handler\LoginUserCommandHandlerTests.cs(86,28): error CS1061: "string" no contiene una definici??n para "Should" ni un m??todo de extensi??n accesible "Should" que acepte un primer argumento del tipo "string" (??falta alguna directiva using o una referencia de ensamblado?) [C:\Users\frank\OneDrive\Escritorio\APP\Microservices\UserAuthenticationService\Test\Test.csproj]

ERROR al compilar.

C:\Users\frank\OneDrive\Escritorio\APP\Microservices\UserAuthenticationService\Test\Handler\LoginUserCommandHandlerTests.cs(26,31): error CS7036: No se ha dado ning??n argumento que corresponda al par??metro requerido "Email" de "LoginUserCommand.LoginUserCommand(string, string)" [C:\Users\frank\OneDrive\Escritorio\APP\Microservices\UserAuthenticationService\Test\Test.csproj]
C:\Users\frank\OneDrive\Escritorio\APP\Microservices\UserAuthenticationService\Test\Handler\LoginUserCommandHandlerTests.cs(27,28): error CS7036: No se ha dado ning??n argumento que corresponda al par??metro requerido "fullName" de "User.User(string, string, string, string)" [C:\Users\frank\OneDrive\Escritorio\APP\Microservices\UserAuthenticationService\Test\Test.csproj]
C:\Users\frank\OneDrive\Escritorio\APP\Microservices\UserAuthenticationService\Test\Handler\LoginUserCommandHandlerTests.cs(29,17): error CS0200: No se puede asignar a la propiedad o el indizador 'User.FullName' porque es de solo lectura [C:\Users\frank\OneDrive\Escritorio\APP\Microservices\UserAuthenticationService\Test\Test.csproj]
C:\Users\frank\OneDrive\Escritorio\APP\Microservices\UserAuthenticationService\Test\Handler\LoginUserCommandHandlerTests.cs(30,17): error CS0200: No se puede asignar a la propiedad o el indizador 'User.Email' porque es de solo lectura [C:\Users\frank\OneDrive\Escritorio\APP\Microservices\UserAuthenticationService\Test\Test.csproj]
C:\Users\frank\OneDrive\Escritorio\APP\Microservices\UserAuthenticationService\Test\Handler\LoginUserCommandHandlerTests.cs(31,17): error CS0200: No se puede asignar a la propiedad o el indizador 'User.PasswordHash' porque es de solo lectura [C:\Users\frank\OneDrive\Escritorio\APP\Microservices\UserAuthenticationService\Test\Test.csproj]
C:\Users\frank\OneDrive\Escritorio\APP\Microservices\UserAuthenticationService\Test\Handler\LoginUserCommandHandlerTests.cs(44,30): error CS1061: "bool" no contiene una definici??n para "Should" ni un m??todo de extensi??n accesible "Should" que acepte un primer argumento del tipo "bool" (??falta alguna directiva using o una referencia de ensamblado?) [C:\Users\frank\OneDrive\Escritorio\APP\Microservices\UserAuthenticationService\Test\Test.csproj]
C:\Users\frank\OneDrive\Escritorio\APP\Microservices\UserAuthenticationService\Test\Handler\LoginUserCommandHandlerTests.cs(45,25): error CS1061: "LoginReponseDto" no contiene una definici??n para "Should" ni un m??todo de extensi??n accesible "Should" que acepte un primer argumento del tipo "LoginReponseDto" (??falta alguna directiva using o una referencia de ensamblado?) [C:\Users\frank\OneDrive\Escritorio\APP\Microservices\UserAuthenticationService\Test\Test.csproj]
C:\Users\frank\OneDrive\Escritorio\APP\Microservices\UserAuthenticationService\Test\Handler\LoginUserCommandHandlerTests.cs(46,33): error CS1061: "string" no contiene una definici??n para "Should" ni un m??todo de extensi??n accesible "Should" que acepte un primer argumento del tipo "string" (??falta alguna directiva using o una referencia de ensamblado?) [C:\Users\frank\OneDrive\Escritorio\APP\Microservices\UserAuthenticationService\Test\Test.csproj]
C:\Users\frank\OneDrive\Escritorio\APP\Microservices\UserAuthenticationService\Test\Handler\LoginUserCommandHandlerTests.cs(47,38): error CS1061: "string" no contiene una definici??n para "Should" ni un m??todo de extensi??n accesible "Should" que acepte un primer argumento del tipo "string" (??falta alguna directiva using o una referencia de ensamblado?) [C:\Users\frank\OneDrive\Escritorio\APP\Microservices\UserAuthenticationService\Test\Test.csproj]
C:\Users\frank\OneDrive\Escritorio\APP\Microservices\UserAuthenticationService\Test\Controller\AuthControllerTests.cs(25,31): error CS7036: No se ha dado ning??n argumento que corresponda al par??metro requerido "Email" de "LoginUserCommand.LoginUserCommand(string, string)" [C:\Users\frank\OneDrive\Escritorio\APP\Microservices\UserAuthenticationService\Test\Test.csproj]
C:\Users\frank\OneDrive\Escritorio\APP\Microservices\UserAuthenticationService\Test\Controller\AuthControllerTests.cs(27,32): error CS0246: El nombre del tipo o del espacio de nombres 'Response<>' no se encontr?? (??falta una directiva using o una referencia de ensamblado?) [C:\Users\frank\OneDrive\Escritorio\APP\Microservices\UserAuthenticationService\Test\Test.csproj]
C:\Users\frank\OneDrive\Escritorio\APP\Microservices\UserAuthenticationService\Test\Controller\AuthControllerTests.cs(36,35): error CS1061: "IActionResult" no contiene una definici??n para "Should" ni un m??todo de extensi??n accesible "Should" que acepte un primer argumento del tipo "IActionResult" (??falta alguna directiva using o una referencia de ensamblado?) [C:\Users\frank\OneDrive\Escritorio\APP\Microservices\UserAuthenticationService\Test\Test.csproj]
C:\Users\frank\OneDrive\Escritorio\APP\Microservices\UserAuthenticationService\Test\Handler\LoginUserCommandHandlerTests.cs(54,31): error CS7036: No se ha dado ning??n argumento que corresponda al par??metro requerido "Email" de "LoginUserCommand.LoginUserCommand(string, string)" [C:\Users\frank\OneDrive\Escritorio\APP\Microservices\UserAuthenticationService\Test\Test.csproj]
C:\Users\frank\OneDrive\Escritorio\APP\Microservices\UserAuthenticationService\Test\Handler\LoginUserCommandHandlerTests.cs(63,30): error CS1061: "bool" no contiene una definici??n para "Should" ni un m??todo de extensi??n accesible "Should" que acepte un primer argumento del tipo "bool" (??falta alguna directiva using o una referencia de ensamblado?) [C:\Users\frank\OneDrive\Escritorio\APP\Microservices\UserAuthenticationService\Test\Test.csproj]
C:\Users\frank\OneDrive\Escritorio\APP\Microservices\UserAuthenticationService\Test\Handler\LoginUserCommandHandlerTests.cs(64,28): error CS1061: "string" no contiene una definici??n para "Should" ni un m??todo de extensi??n accesible "Should" que acepte un primer argumento del tipo "string" (??falta alguna directiva using o una referencia de ensamblado?) [C:\Users\frank\OneDrive\Escritorio\APP\Microservices\UserAuthenticationService\Test\Test.csproj]
C:\Users\frank\OneDrive\Escritorio\APP\Microservices\UserAuthenticationService\Test\Handler\LoginUserCommandHandlerTests.cs(71,31): error CS7036: No se ha dado ning??n argumento que corresponda al par??metro requerido "Email" de "LoginUserCommand.LoginUserCommand(string, string)" [C:\Users\frank\OneDrive\Escritorio\APP\Microservices\UserAuthenticationService\Test\Test.csproj]
C:\Users\frank\OneDrive\Escritorio\APP\Microservices\UserAuthenticationService\Test\Handler\LoginUserCommandHandlerTests.cs(72,28): error CS7036: No se ha dado ning??n argumento que corresponda al par??metro requerido "fullName" de "User.User(string, string, string, string)" [C:\Users\frank\OneDrive\Escritorio\APP\Microservices\UserAuthenticationService\Test\Test.csproj]
C:\Users\frank\OneDrive\Escritorio\APP\Microservices\UserAuthenticationService\Test\Handler\LoginUserCommandHandlerTests.cs(74,17): error CS0200: No se puede asignar a la propiedad o el indizador 'User.Email' porque es de solo lectura [C:\Users\frank\OneDrive\Escritorio\APP\Microservices\UserAuthenticationService\Test\Test.csproj]
C:\Users\frank\OneDrive\Escritorio\APP\Microservices\UserAuthenticationService\Test\Handler\LoginUserCommandHandlerTests.cs(75,17): error CS0200: No se puede asignar a la propiedad o el indizador 'User.PasswordHash' porque es de solo lectura [C:\Users\frank\OneDrive\Escritorio\APP\Microservices\UserAuthenticationService\Test\Test.csproj]
C:\Users\frank\OneDrive\Escritorio\APP\Microservices\UserAuthenticationService\Test\Handler\LoginUserCommandHandlerTests.cs(85,30): error CS1061: "bool" no contiene una definici??n para "Should" ni un m??todo de extensi??n accesible "Should" que acepte un primer argumento del tipo "bool" (??falta alguna directiva using o una referencia de ensamblado?) [C:\Users\frank\OneDrive\Escritorio\APP\Microservices\UserAuthenticationService\Test\Test.csproj]
C:\Users\frank\OneDrive\Escritorio\APP\Microservices\UserAuthenticationService\Test\Handler\LoginUserCommandHandlerTests.cs(86,28): error CS1061: "string" no contiene una definici??n para "Should" ni un m??todo de extensi??n accesible "Should" que acepte un primer argumento del tipo "string" (??falta alguna directiva using o una referencia de ensamblado?) [C:\Users\frank\OneDrive\Escritorio\APP\Microservices\UserAuthenticationService\Test\Test.csproj]
    0 Advertencia(s)
    21 Errores

Tiempo transcurrido 00:00:01.58
